<?xml version="1.0" encoding="UTF-8"?>
<testsuite name="com.IndianCensus.CensusAnalyserTest" tests="22" skipped="0" failures="0" errors="0" timestamp="2020-05-16T15:04:27" hostname="KYOOLBABA" time="0.71">
  <properties/>
  <testcase name="givenIndianCensusDataWhenSortedPopulationShouldReturnLessPopulatedState" classname="com.IndianCensus.CensusAnalyserTest" time="0.254"/>
  <testcase name="givenUSCensusDataWhenSortedByAreaShouldReturnMinAreaState" classname="com.IndianCensus.CensusAnalyserTest" time="0.038"/>
  <testcase name="givenIndianCensusCSVFileReturnsCorrectRecords" classname="com.IndianCensus.CensusAnalyserTest" time="0.021"/>
  <testcase name="givenCSVFileWithIncorrectHeader_ShouldThrowAnException" classname="com.IndianCensus.CensusAnalyserTest" time="0.017"/>
  <testcase name="givenIndianCensusDataWhenSortedByDensityShouldReturnMaxDensityState" classname="com.IndianCensus.CensusAnalyserTest" time="0.036"/>
  <testcase name="givenIndianCensusDataWhenSortedStateShouldReturnFirstResult" classname="com.IndianCensus.CensusAnalyserTest" time="0.019"/>
  <testcase name="givenCSVFileWithIncorrectDelimter_ShouldThrowException" classname="com.IndianCensus.CensusAnalyserTest" time="0.012"/>
  <testcase name="givenUSCensusDataWhenSortedPopulationShouldReturnMaxPopulatedState" classname="com.IndianCensus.CensusAnalyserTest" time="0.015"/>
  <testcase name="givenIndianCensusDataWhenSortedPopulationShouldReturnMaxAreaState" classname="com.IndianCensus.CensusAnalyserTest" time="0.014"/>
  <testcase name="givenUSCensusDataWhenSortedPopulationShouldReturnLessPopulatedState" classname="com.IndianCensus.CensusAnalyserTest" time="0.015"/>
  <testcase name="givenIndianCensusDataWhenSortedStateShouldReturnLastResult" classname="com.IndianCensus.CensusAnalyserTest" time="0.017"/>
  <testcase name="givenIndiaCensusData_WithWrongFile_ShouldThrowException" classname="com.IndianCensus.CensusAnalyserTest" time="0.002"/>
  <testcase name="givenUSCensusDataWhenSortedByDensityShouldReturnMinDensityState" classname="com.IndianCensus.CensusAnalyserTest" time="0.032"/>
  <testcase name="givenUSCensusDataWhenSortedPopulationShouldReturnMaxAreaState" classname="com.IndianCensus.CensusAnalyserTest" time="0.019"/>
  <testcase name="givenUSCensusDataWhenSortedStateShouldReturnFirstResult" classname="com.IndianCensus.CensusAnalyserTest" time="0.018"/>
  <testcase name="givenIndianCensusDataWhenSortedByAreaShouldReturnMinAreaState" classname="com.IndianCensus.CensusAnalyserTest" time="0.013"/>
  <testcase name="givenIndianStateCodeCSVFileReturnsCorrectRecord" classname="com.IndianCensus.CensusAnalyserTest" time="0.015"/>
  <testcase name="loadUSCensusDataShouldReturnCorrectRecord" classname="com.IndianCensus.CensusAnalyserTest" time="0.015"/>
  <testcase name="givenIndianCensusDataWhenSortedByDensityShouldReturnMinDensityState" classname="com.IndianCensus.CensusAnalyserTest" time="0.021"/>
  <testcase name="givenUSCensusDataWhenSortedByDensityShouldReturnMaxDensityState" classname="com.IndianCensus.CensusAnalyserTest" time="0.045"/>
  <testcase name="givenUSCensusDataWhenSortedStateShouldReturnLastResult" classname="com.IndianCensus.CensusAnalyserTest" time="0.036"/>
  <testcase name="givenIndianCensusDataWhenSortedPopulationShouldReturnMaxPopulatedState" classname="com.IndianCensus.CensusAnalyserTest" time="0.017"/>
  <system-out><![CDATA[]]></system-out>
  <system-err><![CDATA[]]></system-err>
</testsuite>
