<?xml version="1.0" encoding="UTF-8"?>
<testsuite name="com.IndianCensus.CensusAnalyserTest" tests="14" skipped="0" failures="0" errors="0" timestamp="2020-05-15T18:54:56" hostname="KYOOLBABA" time="0.61">
  <properties/>
  <testcase name="givenIndianCensusDataWhenSortedPopulationShouldReturnLessPopulatedState" classname="com.IndianCensus.CensusAnalyserTest" time="0.285"/>
  <testcase name="givenIndianCensusCSVFileReturnsCorrectRecords" classname="com.IndianCensus.CensusAnalyserTest" time="0.012"/>
  <testcase name="givenCSVFileWithIncorrectHeader_ShouldThrowAnException" classname="com.IndianCensus.CensusAnalyserTest" time="0.028"/>
  <testcase name="givenIndianCensusDataWhenSortedByDensityShouldReturnMaxDensityState" classname="com.IndianCensus.CensusAnalyserTest" time="0.043"/>
  <testcase name="givenIndianCensusDataWhenSortedStateShouldReturnFirstResult" classname="com.IndianCensus.CensusAnalyserTest" time="0.036"/>
  <testcase name="givenCSVFileWithIncorrectDelimter_ShouldThrowException" classname="com.IndianCensus.CensusAnalyserTest" time="0.009"/>
  <testcase name="givenIndianCensusDataWhenSortedPopulationShouldReturnMaxAreaState" classname="com.IndianCensus.CensusAnalyserTest" time="0.01"/>
  <testcase name="givenIndianCensusDataWhenSortedStateShouldReturnLastResult" classname="com.IndianCensus.CensusAnalyserTest" time="0.029"/>
  <testcase name="givenIndiaCensusData_WithWrongFile_ShouldThrowException" classname="com.IndianCensus.CensusAnalyserTest" time="0.001"/>
  <testcase name="givenIndianCensusDataWhenSortedByAreaShouldReturnMinAreaState" classname="com.IndianCensus.CensusAnalyserTest" time="0.01"/>
  <testcase name="givenIndianStateCodeCSVFileReturnsCorrectRecord" classname="com.IndianCensus.CensusAnalyserTest" time="0.014"/>
  <testcase name="loadUSCensusDataShouldReturnCorrectRecord" classname="com.IndianCensus.CensusAnalyserTest" time="0.027"/>
  <testcase name="givenIndianCensusDataWhenSortedByDensityShouldReturnMinDensityState" classname="com.IndianCensus.CensusAnalyserTest" time="0.043"/>
  <testcase name="givenIndianCensusDataWhenSortedPopulationShouldReturnMaxPopulatedState" classname="com.IndianCensus.CensusAnalyserTest" time="0.052"/>
  <system-out><![CDATA[]]></system-out>
  <system-err><![CDATA[]]></system-err>
</testsuite>
