<?xml version="1.0" encoding="UTF-8"?>
<testsuite name="com.IndianCensus.CensusAnalyserTest" tests="1" skipped="0" failures="0" errors="0" timestamp="2020-05-15T17:02:12" hostname="KYOOLBABA" time="0.171">
  <properties/>
  <testcase name="loadUSCensusDataShouldReturnCorrectRecord" classname="com.IndianCensus.CensusAnalyserTest" time="0.171"/>
  <system-out><![CDATA[]]></system-out>
  <system-err><![CDATA[]]></system-err>
</testsuite>
