<?xml version="1.0" encoding="UTF-8"?>
<testsuite name="com.IndianCensus.CensusAnalyserTest" tests="13" skipped="0" failures="0" errors="0" timestamp="2020-05-15T11:55:14" hostname="KYOOLBABA" time="0.415">
  <properties/>
  <testcase name="givenIndianCensusDataWhenSortedPopulationShouldReturnLessPopulatedState" classname="com.IndianCensus.CensusAnalyserTest" time="0.243"/>
  <testcase name="givenIndianCensusCSVFileReturnsCorrectRecords" classname="com.IndianCensus.CensusAnalyserTest" time="0.013"/>
  <testcase name="givenCSVFileWithIncorrectHeader_ShouldThrowAnException" classname="com.IndianCensus.CensusAnalyserTest" time="0.015"/>
  <testcase name="givenIndianCensusDataWhenSortedByDensityShouldReturnMaxDensityState" classname="com.IndianCensus.CensusAnalyserTest" time="0.024"/>
  <testcase name="givenIndianCensusDataWhenSortedStateShouldReturnFirstResult" classname="com.IndianCensus.CensusAnalyserTest" time="0.02"/>
  <testcase name="givenCSVFileWithIncorrectDelimter_ShouldThrowException" classname="com.IndianCensus.CensusAnalyserTest" time="0.01"/>
  <testcase name="givenIndianCensusDataWhenSortedPopulationShouldReturnMaxAreaState" classname="com.IndianCensus.CensusAnalyserTest" time="0.01"/>
  <testcase name="givenIndianCensusDataWhenSortedStateShouldReturnLastResult" classname="com.IndianCensus.CensusAnalyserTest" time="0.021"/>
  <testcase name="givenIndiaCensusData_WithWrongFile_ShouldThrowException" classname="com.IndianCensus.CensusAnalyserTest" time="0.001"/>
  <testcase name="givenIndianCensusDataWhenSortedByAreaShouldReturnMinAreaState" classname="com.IndianCensus.CensusAnalyserTest" time="0.012"/>
  <testcase name="givenIndianStateCodeCSVFileReturnsCorrectRecord" classname="com.IndianCensus.CensusAnalyserTest" time="0.015"/>
  <testcase name="givenIndianCensusDataWhenSortedByDensityShouldReturnMinDensityState" classname="com.IndianCensus.CensusAnalyserTest" time="0.01"/>
  <testcase name="givenIndianCensusDataWhenSortedPopulationShouldReturnMaxPopulatedState" classname="com.IndianCensus.CensusAnalyserTest" time="0.013"/>
  <system-out><![CDATA[]]></system-out>
  <system-err><![CDATA[]]></system-err>
</testsuite>
